<?xml version="1.0" encoding="UTF-8"?>
<!-- Generated by org.testng.reporters.JUnitReportReporter -->
<testsuite hostname="Jemy" failures="0" tests="1" name="tests.Login_Test" time="12.225" errors="0" timestamp="2024-09-20T20:01:57 EET" skipped="0">
  <testcase classname="tests.Login_Test" name="UserCandelte" time="12.225"/>
</testsuite> <!-- tests.Login_Test -->
