<?xml version="1.0" encoding="UTF-8"?>
<!-- Generated by org.testng.reporters.JUnitReportReporter -->
<testsuite hostname="Jemy" failures="0" tests="2" name="tests.Admin_Test" time="26.703" errors="0" timestamp="2024-09-20T10:47:42 EET" skipped="0">
  <testcase classname="tests.Admin_Test" name="userCanRegisterationSuccssefullay" time="21.977"/>
  <testcase classname="tests.Admin_Test" name="userCanSearchSuccssefullay" time="4.726"/>
</testsuite> <!-- tests.Admin_Test -->
