<?xml version="1.0" encoding="UTF-8"?>
<!-- Generated by org.testng.reporters.JUnitReportReporter -->
<testsuite hostname="Jemy" failures="0" tests="1" name="runners.TestRunner" time="48.313" errors="0" timestamp="2024-09-20T20:03:06 EET" skipped="0">
  <testcase classname="runners.TestRunner" name="runScenario" time="48.313"/>
</testsuite> <!-- runners.TestRunner -->
